Hmm ... looks like a package

This is pdfTeX, Version 3.14159265-2.6-1.40.16 (TeX Live 2015/Debian) (preloaded format=pdflatex)
 restricted \write18 enabled.
entering extended mode
LaTeX2e <2016/02/01>
Babel <3.9q> and hyphenation patterns for 81 language(s) loaded.
(./Rd2.tex
(/usr/share/texlive/texmf-dist/tex/latex/base/book.cls
Document Class: book 2014/09/29 v1.4h Standard LaTeX document class
(/usr/share/texlive/texmf-dist/tex/latex/base/bk10.clo))
(/opt/R/3.6.0/lib/R/share/texmf/tex/latex/Rd.sty
(/usr/share/texlive/texmf-dist/tex/latex/base/ifthen.sty)
(/usr/share/texlive/texmf-dist/tex/latex/tools/longtable.sty)
(/usr/share/texlive/texmf-dist/tex/latex/tools/bm.sty)
(/usr/share/texlive/texmf-dist/tex/latex/base/alltt.sty)
(/usr/share/texlive/texmf-dist/tex/latex/tools/verbatim.sty)
(/usr/share/texlive/texmf-dist/tex/latex/url/url.sty)
(/usr/share/texlive/texmf-dist/tex/latex/base/textcomp.sty
(/usr/share/texlive/texmf-dist/tex/latex/base/ts1enc.def))
(/usr/share/texlive/texmf-dist/tex/latex/base/fontenc.sty
(/usr/share/texlive/texmf-dist/tex/latex/base/t1enc.def))
(/usr/share/texlive/texmf-dist/tex/latex/psnfss/times.sty)
(/usr/share/texlive/texmf-dist/tex/latex/inconsolata/zi4.sty
`inconsolata-zi4' v1.10, 2016/02/22 Text macros for Inconsolata (msharpe)
(/usr/share/texlive/texmf-dist/tex/latex/graphics/keyval.sty))
(/usr/share/texlive/texmf-dist/tex/latex/graphics/color.sty
(/usr/share/texlive/texmf-dist/tex/latex/latexconfig/color.cfg)
(/usr/share/texlive/texmf-dist/tex/latex/pdftex-def/pdftex.def
(/usr/share/texlive/texmf-dist/tex/generic/oberdiek/infwarerr.sty)
(/usr/share/texlive/texmf-dist/tex/generic/oberdiek/ltxcmds.sty)))
(/usr/share/texlive/texmf-dist/tex/latex/hyperref/hyperref.sty
(/usr/share/texlive/texmf-dist/tex/generic/oberdiek/hobsub-hyperref.sty
(/usr/share/texlive/texmf-dist/tex/generic/oberdiek/hobsub-generic.sty))
(/usr/share/texlive/texmf-dist/tex/generic/ifxetex/ifxetex.sty)
(/usr/share/texlive/texmf-dist/tex/latex/oberdiek/auxhook.sty)
(/usr/share/texlive/texmf-dist/tex/latex/oberdiek/kvoptions.sty)
(/usr/share/texlive/texmf-dist/tex/latex/hyperref/pd1enc.def)
(/usr/share/texlive/texmf-dist/tex/latex/latexconfig/hyperref.cfg))

Package hyperref Message: Driver (autodetected): hpdftex.

(/usr/share/texlive/texmf-dist/tex/latex/hyperref/hpdftex.def
(/usr/share/texlive/texmf-dist/tex/latex/oberdiek/rerunfilecheck.sty))

Package hyperref Warning: Option `hyperindex' has already been used,
(hyperref)                setting the option has no effect on input line 377.


Package hyperref Warning: Option `pagebackref' has already been used,
(hyperref)                setting the option has no effect on input line 377.

) (/usr/share/texlive/texmf-dist/tex/latex/base/makeidx.sty)
(/usr/share/texlive/texmf-dist/tex/latex/base/inputenc.sty
(/usr/share/texlive/texmf-dist/tex/latex/base/utf8.def
(/usr/share/texlive/texmf-dist/tex/latex/base/t1enc.dfu)
(/usr/share/texlive/texmf-dist/tex/latex/base/ot1enc.dfu)
(/usr/share/texlive/texmf-dist/tex/latex/base/omsenc.dfu)
(/usr/share/texlive/texmf-dist/tex/latex/base/ts1enc.dfu)))
Writing index file Rd2.idx
No file Rd2.aux.
(/usr/share/texlive/texmf-dist/tex/latex/base/ts1cmr.fd)
(/usr/share/texlive/texmf-dist/tex/latex/psnfss/t1ptm.fd)
(/usr/share/texlive/texmf-dist/tex/context/base/supp-pdf.mkii
[Loading MPS to PDF converter (version 2006.09.02).]
) (/usr/share/texlive/texmf-dist/tex/latex/hyperref/nameref.sty
(/usr/share/texlive/texmf-dist/tex/generic/oberdiek/gettitlestring.sty))
(/usr/share/texlive/texmf-dist/tex/latex/base/utf8.def)
(/usr/share/texlive/texmf-dist/tex/latex/psnfss/ts1ptm.fd)
(/usr/share/texlive/texmf-dist/tex/latex/inconsolata/t1zi4.fd)
(/usr/share/texlive/texmf-dist/tex/latex/psnfss/t1phv.fd)
(/usr/share/texlive/texmf-dist/tex/latex/base/utf8.def) [1{/var/lib/texmf/fonts
/map/pdftex/updmap/pdftex.map}]
(/usr/share/texlive/texmf-dist/tex/latex/inconsolata/ts1zi4.fd) [2] [3]
Overfull \hbox (9.05821pt too wide) in paragraph at lines 211--214
[]\T1/ptm/m/n/10 All miss-ing val-ues should be la-belled (e.g. the trans-la-ti
on \T1/zi4/m/n/10 c("0" = "urban","1" = "rural",NA_
(/usr/share/texlive/texmf-dist/tex/latex/base/utf8.def) [4]
(/usr/share/texlive/texmf-dist/tex/latex/base/utf8.def)
(/usr/share/texlive/texmf-dist/tex/latex/base/utf8.def)
Underfull \hbox (badness 1028) in paragraph at lines 291--291
[]\T1/ptm/m/it/10 Function that ap-plies some gen-eral checks to the ar-gu-ment
s of

Overfull \hbox (33.46844pt too wide) in paragraph at lines 294--295
[]\T1/ptm/m/n/10 Function that ap-plies some gen-eral checks to the ar-gu-ments
 of [][]\T1/zi4/m/n/10 lama_translate()[][][] \T1/ptm/m/n/10 and [][]\T1/zi4/m/
n/10 lama_translate_()[][][] 
[5] (/usr/share/texlive/texmf-dist/tex/latex/base/utf8.def) [6]
(/usr/share/texlive/texmf-dist/tex/latex/base/utf8.def)
(/usr/share/texlive/texmf-dist/tex/latex/base/utf8.def)
(/usr/share/texlive/texmf-dist/tex/latex/base/utf8.def) [7]
Overfull \hbox (20.36096pt too wide) in paragraph at lines 422--425
[][][]\T1/zi4/m/n/10 validate_dictionary()[][][]\T1/ptm/m/n/10 , [][]\T1/zi4/m/
n/10 as.dictionary()[][][]\T1/ptm/m/n/10 , [][]\T1/zi4/m/n/10 new_dictionary()[
][][]\T1/ptm/m/n/10 , [][]\T1/zi4/m/n/10 lama_translate()[][][]\T1/ptm/m/n/10 ,
 [][]\T1/zi4/m/n/10 lama_read()[][][]\T1/ptm/m/n/10 ,
(/usr/share/texlive/texmf-dist/tex/latex/base/utf8.def)
(/usr/share/texlive/texmf-dist/tex/latex/base/utf8.def) [8]
(/usr/share/texlive/texmf-dist/tex/latex/base/utf8.def)
(/usr/share/texlive/texmf-dist/tex/latex/base/utf8.def) [9]
Overfull \hbox (39.88098pt too wide) in paragraph at lines 545--547
[][][]\T1/zi4/m/n/10 lama_translate()[][][]\T1/ptm/m/n/10 , [][]\T1/zi4/m/n/10 
new_dictionary()[][][]\T1/ptm/m/n/10 , [][]\T1/zi4/m/n/10 lama_rename()[][][]\T
1/ptm/m/n/10 , [][]\T1/zi4/m/n/10 lama_select()[][][]\T1/ptm/m/n/10 , [][]\T1/z
i4/m/n/10 lama_mutate()[][][]\T1/ptm/m/n/10 , [][]\T1/zi4/m/n/10 lama_read()[][
][]\T1/ptm/m/n/10 ,
(/usr/share/texlive/texmf-dist/tex/latex/base/utf8.def) [10]
Overfull \hbox (67.90073pt too wide) in paragraph at lines 583--592
\T1/zi4/m/n/10 new_translation = c(v = "V",w = "W",old_translation,z = "Z")\T1/
ptm/m/n/10 , where \T1/zi4/m/n/10 old_translation

Overfull \hbox (34.88098pt too wide) in paragraph at lines 610--612
[][][]\T1/zi4/m/n/10 lama_translate()[][][]\T1/ptm/m/n/10 , [][]\T1/zi4/m/n/10 
new_dictionary()[][][]\T1/ptm/m/n/10 , [][]\T1/zi4/m/n/10 lama_rename()[][][]\T
1/ptm/m/n/10 , [][]\T1/zi4/m/n/10 lama_select()[][][]\T1/ptm/m/n/10 , [][]\T1/z
i4/m/n/10 lama_merge()[][][]\T1/ptm/m/n/10 , [][]\T1/zi4/m/n/10 lama_read()[][]
[]\T1/ptm/m/n/10 ,
(/usr/share/texlive/texmf-dist/tex/latex/base/utf8.def) [11]
(/usr/share/texlive/texmf-dist/tex/latex/base/utf8.def)
Overfull \hbox (34.88098pt too wide) in paragraph at lines 679--681
[][][]\T1/zi4/m/n/10 lama_translate()[][][]\T1/ptm/m/n/10 , [][]\T1/zi4/m/n/10 
new_dictionary()[][][]\T1/ptm/m/n/10 , [][]\T1/zi4/m/n/10 lama_select()[][][]\T
1/ptm/m/n/10 , [][]\T1/zi4/m/n/10 lama_mutate()[][][]\T1/ptm/m/n/10 , [][]\T1/z
i4/m/n/10 lama_merge()[][][]\T1/ptm/m/n/10 , [][]\T1/zi4/m/n/10 lama_read()[][]
[]\T1/ptm/m/n/10 ,
(/usr/share/texlive/texmf-dist/tex/latex/base/utf8.def) [12]
Overfull \hbox (22.9571pt too wide) in paragraph at lines 688--693
[][]\T1/ptm/m/n/10 La-bel-Dic-tionary[][][] class ob-ject and cre-ate a new [][
]La-bel-Dic-tionary[][][] class ob-ject. The func-tion [][]\T1/zi4/m/n/10 lama_
select()[][][]

Overfull \hbox (34.88098pt too wide) in paragraph at lines 722--724
[][][]\T1/zi4/m/n/10 lama_translate()[][][]\T1/ptm/m/n/10 , [][]\T1/zi4/m/n/10 
new_dictionary()[][][]\T1/ptm/m/n/10 , [][]\T1/zi4/m/n/10 lama_rename()[][][]\T
1/ptm/m/n/10 , [][]\T1/zi4/m/n/10 lama_mutate()[][][]\T1/ptm/m/n/10 , [][]\T1/z
i4/m/n/10 lama_merge()[][][]\T1/ptm/m/n/10 , [][]\T1/zi4/m/n/10 lama_read()[][]
[]\T1/ptm/m/n/10 ,
(/usr/share/texlive/texmf-dist/tex/latex/base/utf8.def) [13]
Overfull \hbox (55.25851pt too wide) in paragraph at lines 763--773
\T1/ptm/m/n/10 col-umn name the re-la-belled vari-able should be as-signed to. 
E.g. \T1/zi4/m/n/10 lama_trans(.data,dict,Y1
[14] (/usr/share/texlive/texmf-dist/tex/latex/base/utf8.def)
(/usr/share/texlive/texmf-dist/tex/latex/base/utf8.def)
Overfull \hbox (6.21935pt too wide) in paragraph at lines 854--861
[]\T1/ptm/m/n/10 Here comes the great dif-fer-ence to [][]\T1/zi4/m/n/10 base::
lapply()[][][] \T1/ptm/m/n/10 and [][]\T1/zi4/m/n/10 base::sapply()[][][]\T1/pt
m/m/n/10 . When
[15] (/usr/share/texlive/texmf-dist/tex/latex/base/utf8.def) [16]
Overfull \hbox (6.21935pt too wide) in paragraph at lines 929--936
[]\T1/ptm/m/n/10 Here comes the great dif-fer-ence to [][]\T1/zi4/m/n/10 base::
lapply()[][][] \T1/ptm/m/n/10 and [][]\T1/zi4/m/n/10 base::sapply()[][][]\T1/pt
m/m/n/10 . When
(/usr/share/texlive/texmf-dist/tex/latex/base/utf8.def)
(/usr/share/texlive/texmf-dist/tex/latex/base/utf8.def) [17]
(/usr/share/texlive/texmf-dist/tex/latex/base/utf8.def)
(/usr/share/texlive/texmf-dist/tex/latex/base/utf8.def) [18]
Overfull \hbox (27.61795pt too wide) in paragraph at lines 1066--1073
[]\T1/ptm/m/it/10 The first ar-gu-ment is a list\T1/ptm/m/n/10 : In this case, 
only the first ar-gu-ment of \T1/zi4/m/n/10 new_dictionary

Overfull \hbox (3.02919pt too wide) in paragraph at lines 1066--1073
\T1/zi4/m/n/10 "rural"),= c(l = "Low",h = "High"))) \T1/ptm/m/n/10 gen-er-ates 
a La-bel-Dic-tionary class
[19]
Overfull \hbox (8.25084pt too wide) in paragraph at lines 1073--1081
\T1/zi4/m/n/10 = c("0" = "urban","1" = "rural"),density = c(l = "Low",h = "High
"))
[20]
Overfull \hbox (9.05821pt too wide) in paragraph at lines 1165--1168
[]\T1/ptm/m/n/10 All miss-ing val-ues should be la-belled (e.g. the trans-la-ti
on \T1/zi4/m/n/10 c("0" = "urban","1" = "rural",NA_

Overfull \hbox (29.88098pt too wide) in paragraph at lines 1195--1197
[][][]\T1/zi4/m/n/10 is.dictionary()[][][]\T1/ptm/m/n/10 , [][]\T1/zi4/m/n/10 l
ama_translate()[][][]\T1/ptm/m/n/10 , [][]\T1/zi4/m/n/10 lama_read()[][][]\T1/p
tm/m/n/10 , [][]\T1/zi4/m/n/10 lama_write()[][][]\T1/ptm/m/n/10 , [][]\T1/zi4/m
/n/10 lama_select()[][][]\T1/ptm/m/n/10 , [][]\T1/zi4/m/n/10 lama_rename()[][][
]\T1/ptm/m/n/10 ,
(/usr/share/texlive/texmf-dist/tex/latex/base/utf8.def) [21]
Overfull \hbox (44.88098pt too wide) in paragraph at lines 1221--1224
[][][]\T1/zi4/m/n/10 lama_translate()[][][]\T1/ptm/m/n/10 , [][]\T1/zi4/m/n/10 
new_dictionary()[][][]\T1/ptm/m/n/10 , [][]\T1/zi4/m/n/10 lama_select()[][][]\T
1/ptm/m/n/10 , [][]\T1/zi4/m/n/10 lama_rename()[][][]\T1/ptm/m/n/10 , [][]\T1/z
i4/m/n/10 lama_mutate()[][][]\T1/ptm/m/n/10 , [][]\T1/zi4/m/n/10 lama_merge()[]
[][]\T1/ptm/m/n/10 ,
(/usr/share/texlive/texmf-dist/tex/latex/base/utf8.def)
(/usr/share/texlive/texmf-dist/tex/latex/base/utf8.def) [22]
(/usr/share/texlive/texmf-dist/tex/latex/base/utf8.def) [23]
(/usr/share/texlive/texmf-dist/tex/latex/base/utf8.def)
(/usr/share/texlive/texmf-dist/tex/latex/base/utf8.def) [24]
Overfull \hbox (3.78088pt too wide) in paragraph at lines 1369--1369
 []  \T1/zi4/m/n/10 err_handler = composerr("The object has not a valid LabelDi
ctionary structure"))[] 
[25]
Overfull \hbox (9.05821pt too wide) in paragraph at lines 1444--1447
[]\T1/ptm/m/n/10 All miss-ing val-ues should be la-belled (e.g. the trans-la-ti
on \T1/zi4/m/n/10 c("0" = "urban","1" = "rural",NA_
(/usr/share/texlive/texmf-dist/tex/latex/base/utf8.def)
(/usr/share/texlive/texmf-dist/tex/latex/base/utf8.def) [26]
No file Rd2.ind.
[27] (/tmp/Rtmpjso6pM/Rd2pdf245f62391042/Rd2.aux)

Package rerunfilecheck Warning: File `Rd2.out' has changed.
(rerunfilecheck)                Rerun to get outlines right
(rerunfilecheck)                or use package `bookmark'.

 )
(see the transcript file for additional information)pdfTeX warning (dest): name
{Rfn.names} has been referenced but does not exist, replaced by a fixed one

pdfTeX warning (dest): name{Rfn.array} has been referenced but does not exist, 
replaced by a fixed one

pdfTeX warning (dest): name{Rfn.as.list} has been referenced but does not exist
, replaced by a fixed one

pdfTeX warning (dest): name{Rfn.expression} has been referenced but does not ex
ist, replaced by a fixed one

pdfTeX warning (dest): name{Rfn.base::sapply\(\)} has been referenced but does 
not exist, replaced by a fixed one

pdfTeX warning (dest): name{Rfn.base::lapply\(\)} has been referenced but does 
not exist, replaced by a fixed one

pdfTeX warning (dest): name{Rfn.dplyr::mutate\(\)} has been referenced but does
 not exist, replaced by a fixed one

{/usr/share/texlive/texmf-dist/fonts/enc/dvips/inconsolata/i4-ts1.enc}{/usr/sha
re/texlive/texmf-dist/fonts/enc/dvips/base/8r.enc}{/usr/share/texlive/texmf-dis
t/fonts/enc/dvips/inconsolata/i4-t1-0.enc}</usr/share/texlive/texmf-dist/fonts/
type1/public/inconsolata/Inconsolata-zi4r.pfb></usr/share/texlive/texmf-dist/fo
nts/type1/public/amsfonts/cm/cmr10.pfb></usr/share/texlive/texmf-dist/fonts/typ
e1/urw/helvetic/uhvr8a.pfb></usr/share/texlive/texmf-dist/fonts/type1/urw/times
/utmb8a.pfb></usr/share/texlive/texmf-dist/fonts/type1/urw/times/utmr8a.pfb></u
sr/share/texlive/texmf-dist/fonts/type1/urw/times/utmr8a.pfb></usr/share/texliv
e/texmf-dist/fonts/type1/urw/times/utmri8a.pfb>
Output written on Rd2.pdf (27 pages, 147954 bytes).
Transcript written on Rd2.log.
This is pdfTeX, Version 3.14159265-2.6-1.40.16 (TeX Live 2015/Debian) (preloaded format=pdflatex)
 restricted \write18 enabled.
entering extended mode
LaTeX2e <2016/02/01>
Babel <3.9q> and hyphenation patterns for 81 language(s) loaded.
(./Rd2.tex
(/usr/share/texlive/texmf-dist/tex/latex/base/book.cls
Document Class: book 2014/09/29 v1.4h Standard LaTeX document class
(/usr/share/texlive/texmf-dist/tex/latex/base/bk10.clo))
(/opt/R/3.6.0/lib/R/share/texmf/tex/latex/Rd.sty
(/usr/share/texlive/texmf-dist/tex/latex/base/ifthen.sty)
(/usr/share/texlive/texmf-dist/tex/latex/tools/longtable.sty)
(/usr/share/texlive/texmf-dist/tex/latex/tools/bm.sty)
(/usr/share/texlive/texmf-dist/tex/latex/base/alltt.sty)
(/usr/share/texlive/texmf-dist/tex/latex/tools/verbatim.sty)
(/usr/share/texlive/texmf-dist/tex/latex/url/url.sty)
(/usr/share/texlive/texmf-dist/tex/latex/base/textcomp.sty
(/usr/share/texlive/texmf-dist/tex/latex/base/ts1enc.def))
(/usr/share/texlive/texmf-dist/tex/latex/base/fontenc.sty
(/usr/share/texlive/texmf-dist/tex/latex/base/t1enc.def))
(/usr/share/texlive/texmf-dist/tex/latex/psnfss/times.sty)
(/usr/share/texlive/texmf-dist/tex/latex/inconsolata/zi4.sty
`inconsolata-zi4' v1.10, 2016/02/22 Text macros for Inconsolata (msharpe)
(/usr/share/texlive/texmf-dist/tex/latex/graphics/keyval.sty))
(/usr/share/texlive/texmf-dist/tex/latex/graphics/color.sty
(/usr/share/texlive/texmf-dist/tex/latex/latexconfig/color.cfg)
(/usr/share/texlive/texmf-dist/tex/latex/pdftex-def/pdftex.def
(/usr/share/texlive/texmf-dist/tex/generic/oberdiek/infwarerr.sty)
(/usr/share/texlive/texmf-dist/tex/generic/oberdiek/ltxcmds.sty)))
(/usr/share/texlive/texmf-dist/tex/latex/hyperref/hyperref.sty
(/usr/share/texlive/texmf-dist/tex/generic/oberdiek/hobsub-hyperref.sty
(/usr/share/texlive/texmf-dist/tex/generic/oberdiek/hobsub-generic.sty))
(/usr/share/texlive/texmf-dist/tex/generic/ifxetex/ifxetex.sty)
(/usr/share/texlive/texmf-dist/tex/latex/oberdiek/auxhook.sty)
(/usr/share/texlive/texmf-dist/tex/latex/oberdiek/kvoptions.sty)
(/usr/share/texlive/texmf-dist/tex/latex/hyperref/pd1enc.def)
(/usr/share/texlive/texmf-dist/tex/latex/latexconfig/hyperref.cfg))

Package hyperref Message: Driver (autodetected): hpdftex.

(/usr/share/texlive/texmf-dist/tex/latex/hyperref/hpdftex.def
(/usr/share/texlive/texmf-dist/tex/latex/oberdiek/rerunfilecheck.sty))

Package hyperref Warning: Option `hyperindex' has already been used,
(hyperref)                setting the option has no effect on input line 377.


Package hyperref Warning: Option `pagebackref' has already been used,
(hyperref)                setting the option has no effect on input line 377.

) (/usr/share/texlive/texmf-dist/tex/latex/base/makeidx.sty)
(/usr/share/texlive/texmf-dist/tex/latex/base/inputenc.sty
(/usr/share/texlive/texmf-dist/tex/latex/base/utf8.def
(/usr/share/texlive/texmf-dist/tex/latex/base/t1enc.dfu)
(/usr/share/texlive/texmf-dist/tex/latex/base/ot1enc.dfu)
(/usr/share/texlive/texmf-dist/tex/latex/base/omsenc.dfu)
(/usr/share/texlive/texmf-dist/tex/latex/base/ts1enc.dfu)))
Writing index file Rd2.idx
(/tmp/Rtmpjso6pM/Rd2pdf245f62391042/Rd2.aux)
(/usr/share/texlive/texmf-dist/tex/latex/base/ts1cmr.fd)
(/usr/share/texlive/texmf-dist/tex/latex/psnfss/t1ptm.fd)
(/usr/share/texlive/texmf-dist/tex/context/base/supp-pdf.mkii
[Loading MPS to PDF converter (version 2006.09.02).]
) (/usr/share/texlive/texmf-dist/tex/latex/hyperref/nameref.sty
(/usr/share/texlive/texmf-dist/tex/generic/oberdiek/gettitlestring.sty))
(/tmp/Rtmpjso6pM/Rd2pdf245f62391042/Rd2.out)
(/tmp/Rtmpjso6pM/Rd2pdf245f62391042/Rd2.out)
(/usr/share/texlive/texmf-dist/tex/latex/base/utf8.def)
(/usr/share/texlive/texmf-dist/tex/latex/psnfss/ts1ptm.fd)
(/usr/share/texlive/texmf-dist/tex/latex/inconsolata/t1zi4.fd)
(/usr/share/texlive/texmf-dist/tex/latex/psnfss/t1phv.fd)
(/tmp/Rtmpjso6pM/Rd2pdf245f62391042/Rd2.toc [1{/var/lib/texmf/fonts/map/pdftex/
updmap/pdftex.map}]) (/usr/share/texlive/texmf-dist/tex/latex/base/utf8.def)
(/usr/share/texlive/texmf-dist/tex/latex/inconsolata/ts1zi4.fd) [2] [3]
[4]
Overfull \hbox (9.05821pt too wide) in paragraph at lines 211--214
[]\T1/ptm/m/n/10 All miss-ing val-ues should be la-belled (e.g. the trans-la-ti
on \T1/zi4/m/n/10 c("0" = "urban","1" = "rural",NA_
(/usr/share/texlive/texmf-dist/tex/latex/base/utf8.def)
(/usr/share/texlive/texmf-dist/tex/latex/base/utf8.def) [5]
(/usr/share/texlive/texmf-dist/tex/latex/base/utf8.def)
Underfull \hbox (badness 1028) in paragraph at lines 291--291
[]\T1/ptm/m/it/10 Function that ap-plies some gen-eral checks to the ar-gu-ment
s of

Overfull \hbox (33.46844pt too wide) in paragraph at lines 294--295
[]\T1/ptm/m/n/10 Function that ap-plies some gen-eral checks to the ar-gu-ments
 of [][]\T1/zi4/m/n/10 lama_translate()[][][] \T1/ptm/m/n/10 and [][]\T1/zi4/m/
n/10 lama_translate_()[][][] 
[6] (/usr/share/texlive/texmf-dist/tex/latex/base/utf8.def)
(/usr/share/texlive/texmf-dist/tex/latex/base/utf8.def) [7]
(/usr/share/texlive/texmf-dist/tex/latex/base/utf8.def)
(/usr/share/texlive/texmf-dist/tex/latex/base/utf8.def)
Overfull \hbox (20.36096pt too wide) in paragraph at lines 422--425
[][][]\T1/zi4/m/n/10 validate_dictionary()[][][]\T1/ptm/m/n/10 , [][]\T1/zi4/m/
n/10 as.dictionary()[][][]\T1/ptm/m/n/10 , [][]\T1/zi4/m/n/10 new_dictionary()[
][][]\T1/ptm/m/n/10 , [][]\T1/zi4/m/n/10 lama_translate()[][][]\T1/ptm/m/n/10 ,
 [][]\T1/zi4/m/n/10 lama_read()[][][]\T1/ptm/m/n/10 ,
(/usr/share/texlive/texmf-dist/tex/latex/base/utf8.def) [8]
(/usr/share/texlive/texmf-dist/tex/latex/base/utf8.def)
(/usr/share/texlive/texmf-dist/tex/latex/base/utf8.def) [9]
(/usr/share/texlive/texmf-dist/tex/latex/base/utf8.def)
Overfull \hbox (39.88098pt too wide) in paragraph at lines 545--547
[][][]\T1/zi4/m/n/10 lama_translate()[][][]\T1/ptm/m/n/10 , [][]\T1/zi4/m/n/10 
new_dictionary()[][][]\T1/ptm/m/n/10 , [][]\T1/zi4/m/n/10 lama_rename()[][][]\T
1/ptm/m/n/10 , [][]\T1/zi4/m/n/10 lama_select()[][][]\T1/ptm/m/n/10 , [][]\T1/z
i4/m/n/10 lama_mutate()[][][]\T1/ptm/m/n/10 , [][]\T1/zi4/m/n/10 lama_read()[][
][]\T1/ptm/m/n/10 ,
[10] (/usr/share/texlive/texmf-dist/tex/latex/base/utf8.def)
Overfull \hbox (67.90073pt too wide) in paragraph at lines 583--592
\T1/zi4/m/n/10 new_translation = c(v = "V",w = "W",old_translation,z = "Z")\T1/
ptm/m/n/10 , where \T1/zi4/m/n/10 old_translation
[11]
Overfull \hbox (34.88098pt too wide) in paragraph at lines 610--612
[][][]\T1/zi4/m/n/10 lama_translate()[][][]\T1/ptm/m/n/10 , [][]\T1/zi4/m/n/10 
new_dictionary()[][][]\T1/ptm/m/n/10 , [][]\T1/zi4/m/n/10 lama_rename()[][][]\T
1/ptm/m/n/10 , [][]\T1/zi4/m/n/10 lama_select()[][][]\T1/ptm/m/n/10 , [][]\T1/z
i4/m/n/10 lama_merge()[][][]\T1/ptm/m/n/10 , [][]\T1/zi4/m/n/10 lama_read()[][]
[]\T1/ptm/m/n/10 ,
(/usr/share/texlive/texmf-dist/tex/latex/base/utf8.def)
(/usr/share/texlive/texmf-dist/tex/latex/base/utf8.def) [12]
Overfull \hbox (34.88098pt too wide) in paragraph at lines 679--681
[][][]\T1/zi4/m/n/10 lama_translate()[][][]\T1/ptm/m/n/10 , [][]\T1/zi4/m/n/10 
new_dictionary()[][][]\T1/ptm/m/n/10 , [][]\T1/zi4/m/n/10 lama_select()[][][]\T
1/ptm/m/n/10 , [][]\T1/zi4/m/n/10 lama_mutate()[][][]\T1/ptm/m/n/10 , [][]\T1/z
i4/m/n/10 lama_merge()[][][]\T1/ptm/m/n/10 , [][]\T1/zi4/m/n/10 lama_read()[][]
[]\T1/ptm/m/n/10 ,
(/usr/share/texlive/texmf-dist/tex/latex/base/utf8.def)
Overfull \hbox (22.9571pt too wide) in paragraph at lines 688--693
[][]\T1/ptm/m/n/10 La-bel-Dic-tionary[][][] class ob-ject and cre-ate a new [][
]La-bel-Dic-tionary[][][] class ob-ject. The func-tion [][]\T1/zi4/m/n/10 lama_
select()[][][]

Overfull \hbox (34.88098pt too wide) in paragraph at lines 722--724
[][][]\T1/zi4/m/n/10 lama_translate()[][][]\T1/ptm/m/n/10 , [][]\T1/zi4/m/n/10 
new_dictionary()[][][]\T1/ptm/m/n/10 , [][]\T1/zi4/m/n/10 lama_rename()[][][]\T
1/ptm/m/n/10 , [][]\T1/zi4/m/n/10 lama_mutate()[][][]\T1/ptm/m/n/10 , [][]\T1/z
i4/m/n/10 lama_merge()[][][]\T1/ptm/m/n/10 , [][]\T1/zi4/m/n/10 lama_read()[][]
[]\T1/ptm/m/n/10 ,
[13] (/usr/share/texlive/texmf-dist/tex/latex/base/utf8.def)
Overfull \hbox (55.25851pt too wide) in paragraph at lines 763--773
\T1/ptm/m/n/10 col-umn name the re-la-belled vari-able should be as-signed to. 
E.g. \T1/zi4/m/n/10 lama_trans(.data,dict,Y1
[14] (/usr/share/texlive/texmf-dist/tex/latex/base/utf8.def)
(/usr/share/texlive/texmf-dist/tex/latex/base/utf8.def) [15]
Overfull \hbox (6.21935pt too wide) in paragraph at lines 854--861
[]\T1/ptm/m/n/10 Here comes the great dif-fer-ence to [][]\T1/zi4/m/n/10 base::
lapply()[][][] \T1/ptm/m/n/10 and [][]\T1/zi4/m/n/10 base::sapply()[][][]\T1/pt
m/m/n/10 . When
[16] (/usr/share/texlive/texmf-dist/tex/latex/base/utf8.def)
Overfull \hbox (6.21935pt too wide) in paragraph at lines 929--936
[]\T1/ptm/m/n/10 Here comes the great dif-fer-ence to [][]\T1/zi4/m/n/10 base::
lapply()[][][] \T1/ptm/m/n/10 and [][]\T1/zi4/m/n/10 base::sapply()[][][]\T1/pt
m/m/n/10 . When
(/usr/share/texlive/texmf-dist/tex/latex/base/utf8.def) [17]
(/usr/share/texlive/texmf-dist/tex/latex/base/utf8.def)
(/usr/share/texlive/texmf-dist/tex/latex/base/utf8.def) [18]
(/usr/share/texlive/texmf-dist/tex/latex/base/utf8.def) [19]
Overfull \hbox (27.61795pt too wide) in paragraph at lines 1066--1073
[]\T1/ptm/m/it/10 The first ar-gu-ment is a list\T1/ptm/m/n/10 : In this case, 
only the first ar-gu-ment of \T1/zi4/m/n/10 new_dictionary

Overfull \hbox (3.02919pt too wide) in paragraph at lines 1066--1073
\T1/zi4/m/n/10 "rural"),= c(l = "Low",h = "High"))) \T1/ptm/m/n/10 gen-er-ates 
a La-bel-Dic-tionary class

Overfull \hbox (8.25084pt too wide) in paragraph at lines 1073--1081
\T1/zi4/m/n/10 = c("0" = "urban","1" = "rural"),density = c(l = "Low",h = "High
"))
[20]
Overfull \hbox (9.05821pt too wide) in paragraph at lines 1165--1168
[]\T1/ptm/m/n/10 All miss-ing val-ues should be la-belled (e.g. the trans-la-ti
on \T1/zi4/m/n/10 c("0" = "urban","1" = "rural",NA_
[21]
Overfull \hbox (29.88098pt too wide) in paragraph at lines 1195--1197
[][][]\T1/zi4/m/n/10 is.dictionary()[][][]\T1/ptm/m/n/10 , [][]\T1/zi4/m/n/10 l
ama_translate()[][][]\T1/ptm/m/n/10 , [][]\T1/zi4/m/n/10 lama_read()[][][]\T1/p
tm/m/n/10 , [][]\T1/zi4/m/n/10 lama_write()[][][]\T1/ptm/m/n/10 , [][]\T1/zi4/m
/n/10 lama_select()[][][]\T1/ptm/m/n/10 , [][]\T1/zi4/m/n/10 lama_rename()[][][
]\T1/ptm/m/n/10 ,
(/usr/share/texlive/texmf-dist/tex/latex/base/utf8.def)
Overfull \hbox (44.88098pt too wide) in paragraph at lines 1221--1224
[][][]\T1/zi4/m/n/10 lama_translate()[][][]\T1/ptm/m/n/10 , [][]\T1/zi4/m/n/10 
new_dictionary()[][][]\T1/ptm/m/n/10 , [][]\T1/zi4/m/n/10 lama_select()[][][]\T
1/ptm/m/n/10 , [][]\T1/zi4/m/n/10 lama_rename()[][][]\T1/ptm/m/n/10 , [][]\T1/z
i4/m/n/10 lama_mutate()[][][]\T1/ptm/m/n/10 , [][]\T1/zi4/m/n/10 lama_merge()[]
[][]\T1/ptm/m/n/10 ,
(/usr/share/texlive/texmf-dist/tex/latex/base/utf8.def) [22]
(/usr/share/texlive/texmf-dist/tex/latex/base/utf8.def)
(/usr/share/texlive/texmf-dist/tex/latex/base/utf8.def) [23]
(/usr/share/texlive/texmf-dist/tex/latex/base/utf8.def) [24]
(/usr/share/texlive/texmf-dist/tex/latex/base/utf8.def)
Overfull \hbox (3.78088pt too wide) in paragraph at lines 1369--1369
 []  \T1/zi4/m/n/10 err_handler = composerr("The object has not a valid LabelDi
ctionary structure"))[] 
[25]
Overfull \hbox (9.05821pt too wide) in paragraph at lines 1444--1447
[]\T1/ptm/m/n/10 All miss-ing val-ues should be la-belled (e.g. the trans-la-ti
on \T1/zi4/m/n/10 c("0" = "urban","1" = "rural",NA_
[26] (/usr/share/texlive/texmf-dist/tex/latex/base/utf8.def)
(/usr/share/texlive/texmf-dist/tex/latex/base/utf8.def) [27]
No file Rd2.ind.
[28] (/tmp/Rtmpjso6pM/Rd2pdf245f62391042/Rd2.aux) )
(see the transcript file for additional information)pdfTeX warning (dest): name
{Rfn.names} has been referenced but does not exist, replaced by a fixed one

pdfTeX warning (dest): name{Rfn.array} has been referenced but does not exist, 
replaced by a fixed one

pdfTeX warning (dest): name{Rfn.as.list} has been referenced but does not exist
, replaced by a fixed one

pdfTeX warning (dest): name{Rfn.expression} has been referenced but does not ex
ist, replaced by a fixed one

pdfTeX warning (dest): name{Rfn.base::sapply\(\)} has been referenced but does 
not exist, replaced by a fixed one

pdfTeX warning (dest): name{Rfn.base::lapply\(\)} has been referenced but does 
not exist, replaced by a fixed one

pdfTeX warning (dest): name{Rfn.dplyr::mutate\(\)} has been referenced but does
 not exist, replaced by a fixed one

{/usr/share/texlive/texmf-dist/fonts/enc/dvips/inconsolata/i4-ts1.enc}{/usr/sha
re/texlive/texmf-dist/fonts/enc/dvips/base/8r.enc}{/usr/share/texlive/texmf-dis
t/fonts/enc/dvips/inconsolata/i4-t1-0.enc}</usr/share/texlive/texmf-dist/fonts/
type1/public/inconsolata/Inconsolata-zi4r.pfb></usr/share/texlive/texmf-dist/fo
nts/type1/public/amsfonts/cm/cmr10.pfb></usr/share/texlive/texmf-dist/fonts/typ
e1/urw/helvetic/uhvr8a.pfb></usr/share/texlive/texmf-dist/fonts/type1/urw/times
/utmb8a.pfb></usr/share/texlive/texmf-dist/fonts/type1/urw/times/utmr8a.pfb></u
sr/share/texlive/texmf-dist/fonts/type1/urw/times/utmr8a.pfb></usr/share/texliv
e/texmf-dist/fonts/type1/urw/times/utmri8a.pfb>
Output written on Rd2.pdf (28 pages, 152860 bytes).
Transcript written on Rd2.log.
This is makeindex, version 2.15 [TeX Live 2015] (kpathsea + Thai support).
Scanning input file Rd2.idx....done (201 entries accepted, 0 rejected).
Sorting entries.....done (1641 comparisons).
Generating output file Rd2.ind....done (154 lines written, 1 warning).
Output written in Rd2.ind.
Transcript written in Rd2.ilg.
This is pdfTeX, Version 3.14159265-2.6-1.40.16 (TeX Live 2015/Debian) (preloaded format=pdflatex)
 restricted \write18 enabled.
entering extended mode
LaTeX2e <2016/02/01>
Babel <3.9q> and hyphenation patterns for 81 language(s) loaded.
(./Rd2.tex
(/usr/share/texlive/texmf-dist/tex/latex/base/book.cls
Document Class: book 2014/09/29 v1.4h Standard LaTeX document class
(/usr/share/texlive/texmf-dist/tex/latex/base/bk10.clo))
(/opt/R/3.6.0/lib/R/share/texmf/tex/latex/Rd.sty
(/usr/share/texlive/texmf-dist/tex/latex/base/ifthen.sty)
(/usr/share/texlive/texmf-dist/tex/latex/tools/longtable.sty)
(/usr/share/texlive/texmf-dist/tex/latex/tools/bm.sty)
(/usr/share/texlive/texmf-dist/tex/latex/base/alltt.sty)
(/usr/share/texlive/texmf-dist/tex/latex/tools/verbatim.sty)
(/usr/share/texlive/texmf-dist/tex/latex/url/url.sty)
(/usr/share/texlive/texmf-dist/tex/latex/base/textcomp.sty
(/usr/share/texlive/texmf-dist/tex/latex/base/ts1enc.def))
(/usr/share/texlive/texmf-dist/tex/latex/base/fontenc.sty
(/usr/share/texlive/texmf-dist/tex/latex/base/t1enc.def))
(/usr/share/texlive/texmf-dist/tex/latex/psnfss/times.sty)
(/usr/share/texlive/texmf-dist/tex/latex/inconsolata/zi4.sty
`inconsolata-zi4' v1.10, 2016/02/22 Text macros for Inconsolata (msharpe)
(/usr/share/texlive/texmf-dist/tex/latex/graphics/keyval.sty))
(/usr/share/texlive/texmf-dist/tex/latex/graphics/color.sty
(/usr/share/texlive/texmf-dist/tex/latex/latexconfig/color.cfg)
(/usr/share/texlive/texmf-dist/tex/latex/pdftex-def/pdftex.def
(/usr/share/texlive/texmf-dist/tex/generic/oberdiek/infwarerr.sty)
(/usr/share/texlive/texmf-dist/tex/generic/oberdiek/ltxcmds.sty)))
(/usr/share/texlive/texmf-dist/tex/latex/hyperref/hyperref.sty
(/usr/share/texlive/texmf-dist/tex/generic/oberdiek/hobsub-hyperref.sty
(/usr/share/texlive/texmf-dist/tex/generic/oberdiek/hobsub-generic.sty))
(/usr/share/texlive/texmf-dist/tex/generic/ifxetex/ifxetex.sty)
(/usr/share/texlive/texmf-dist/tex/latex/oberdiek/auxhook.sty)
(/usr/share/texlive/texmf-dist/tex/latex/oberdiek/kvoptions.sty)
(/usr/share/texlive/texmf-dist/tex/latex/hyperref/pd1enc.def)
(/usr/share/texlive/texmf-dist/tex/latex/latexconfig/hyperref.cfg))

Package hyperref Message: Driver (autodetected): hpdftex.

(/usr/share/texlive/texmf-dist/tex/latex/hyperref/hpdftex.def
(/usr/share/texlive/texmf-dist/tex/latex/oberdiek/rerunfilecheck.sty))

Package hyperref Warning: Option `hyperindex' has already been used,
(hyperref)                setting the option has no effect on input line 377.


Package hyperref Warning: Option `pagebackref' has already been used,
(hyperref)                setting the option has no effect on input line 377.

) (/usr/share/texlive/texmf-dist/tex/latex/base/makeidx.sty)
(/usr/share/texlive/texmf-dist/tex/latex/base/inputenc.sty
(/usr/share/texlive/texmf-dist/tex/latex/base/utf8.def
(/usr/share/texlive/texmf-dist/tex/latex/base/t1enc.dfu)
(/usr/share/texlive/texmf-dist/tex/latex/base/ot1enc.dfu)
(/usr/share/texlive/texmf-dist/tex/latex/base/omsenc.dfu)
(/usr/share/texlive/texmf-dist/tex/latex/base/ts1enc.dfu)))
Writing index file Rd2.idx
(/tmp/Rtmpjso6pM/Rd2pdf245f62391042/Rd2.aux)
(/usr/share/texlive/texmf-dist/tex/latex/base/ts1cmr.fd)
(/usr/share/texlive/texmf-dist/tex/latex/psnfss/t1ptm.fd)
(/usr/share/texlive/texmf-dist/tex/context/base/supp-pdf.mkii
[Loading MPS to PDF converter (version 2006.09.02).]
) (/usr/share/texlive/texmf-dist/tex/latex/hyperref/nameref.sty
(/usr/share/texlive/texmf-dist/tex/generic/oberdiek/gettitlestring.sty))
(/tmp/Rtmpjso6pM/Rd2pdf245f62391042/Rd2.out)
(/tmp/Rtmpjso6pM/Rd2pdf245f62391042/Rd2.out)
(/usr/share/texlive/texmf-dist/tex/latex/base/utf8.def)
(/usr/share/texlive/texmf-dist/tex/latex/psnfss/ts1ptm.fd)
(/usr/share/texlive/texmf-dist/tex/latex/inconsolata/t1zi4.fd)
(/usr/share/texlive/texmf-dist/tex/latex/psnfss/t1phv.fd)
(/tmp/Rtmpjso6pM/Rd2pdf245f62391042/Rd2.toc [1{/var/lib/texmf/fonts/map/pdftex/
updmap/pdftex.map}]) (/usr/share/texlive/texmf-dist/tex/latex/base/utf8.def)
(/usr/share/texlive/texmf-dist/tex/latex/inconsolata/ts1zi4.fd) [2] [3]
[4]
Overfull \hbox (9.05821pt too wide) in paragraph at lines 211--214
[]\T1/ptm/m/n/10 All miss-ing val-ues should be la-belled (e.g. the trans-la-ti
on \T1/zi4/m/n/10 c("0" = "urban","1" = "rural",NA_
(/usr/share/texlive/texmf-dist/tex/latex/base/utf8.def)
(/usr/share/texlive/texmf-dist/tex/latex/base/utf8.def) [5]
(/usr/share/texlive/texmf-dist/tex/latex/base/utf8.def)
Underfull \hbox (badness 1028) in paragraph at lines 291--291
[]\T1/ptm/m/it/10 Function that ap-plies some gen-eral checks to the ar-gu-ment
s of

Overfull \hbox (33.46844pt too wide) in paragraph at lines 294--295
[]\T1/ptm/m/n/10 Function that ap-plies some gen-eral checks to the ar-gu-ments
 of [][]\T1/zi4/m/n/10 lama_translate()[][][] \T1/ptm/m/n/10 and [][]\T1/zi4/m/
n/10 lama_translate_()[][][] 
[6] (/usr/share/texlive/texmf-dist/tex/latex/base/utf8.def)
(/usr/share/texlive/texmf-dist/tex/latex/base/utf8.def) [7]
(/usr/share/texlive/texmf-dist/tex/latex/base/utf8.def)
(/usr/share/texlive/texmf-dist/tex/latex/base/utf8.def)
Overfull \hbox (20.36096pt too wide) in paragraph at lines 422--425
[][][]\T1/zi4/m/n/10 validate_dictionary()[][][]\T1/ptm/m/n/10 , [][]\T1/zi4/m/
n/10 as.dictionary()[][][]\T1/ptm/m/n/10 , [][]\T1/zi4/m/n/10 new_dictionary()[
][][]\T1/ptm/m/n/10 , [][]\T1/zi4/m/n/10 lama_translate()[][][]\T1/ptm/m/n/10 ,
 [][]\T1/zi4/m/n/10 lama_read()[][][]\T1/ptm/m/n/10 ,
(/usr/share/texlive/texmf-dist/tex/latex/base/utf8.def) [8]
(/usr/share/texlive/texmf-dist/tex/latex/base/utf8.def)
(/usr/share/texlive/texmf-dist/tex/latex/base/utf8.def) [9]
(/usr/share/texlive/texmf-dist/tex/latex/base/utf8.def)
Overfull \hbox (39.88098pt too wide) in paragraph at lines 545--547
[][][]\T1/zi4/m/n/10 lama_translate()[][][]\T1/ptm/m/n/10 , [][]\T1/zi4/m/n/10 
new_dictionary()[][][]\T1/ptm/m/n/10 , [][]\T1/zi4/m/n/10 lama_rename()[][][]\T
1/ptm/m/n/10 , [][]\T1/zi4/m/n/10 lama_select()[][][]\T1/ptm/m/n/10 , [][]\T1/z
i4/m/n/10 lama_mutate()[][][]\T1/ptm/m/n/10 , [][]\T1/zi4/m/n/10 lama_read()[][
][]\T1/ptm/m/n/10 ,
[10] (/usr/share/texlive/texmf-dist/tex/latex/base/utf8.def)
Overfull \hbox (67.90073pt too wide) in paragraph at lines 583--592
\T1/zi4/m/n/10 new_translation = c(v = "V",w = "W",old_translation,z = "Z")\T1/
ptm/m/n/10 , where \T1/zi4/m/n/10 old_translation
[11]
Overfull \hbox (34.88098pt too wide) in paragraph at lines 610--612
[][][]\T1/zi4/m/n/10 lama_translate()[][][]\T1/ptm/m/n/10 , [][]\T1/zi4/m/n/10 
new_dictionary()[][][]\T1/ptm/m/n/10 , [][]\T1/zi4/m/n/10 lama_rename()[][][]\T
1/ptm/m/n/10 , [][]\T1/zi4/m/n/10 lama_select()[][][]\T1/ptm/m/n/10 , [][]\T1/z
i4/m/n/10 lama_merge()[][][]\T1/ptm/m/n/10 , [][]\T1/zi4/m/n/10 lama_read()[][]
[]\T1/ptm/m/n/10 ,
(/usr/share/texlive/texmf-dist/tex/latex/base/utf8.def)
(/usr/share/texlive/texmf-dist/tex/latex/base/utf8.def) [12]
Overfull \hbox (34.88098pt too wide) in paragraph at lines 679--681
[][][]\T1/zi4/m/n/10 lama_translate()[][][]\T1/ptm/m/n/10 , [][]\T1/zi4/m/n/10 
new_dictionary()[][][]\T1/ptm/m/n/10 , [][]\T1/zi4/m/n/10 lama_select()[][][]\T
1/ptm/m/n/10 , [][]\T1/zi4/m/n/10 lama_mutate()[][][]\T1/ptm/m/n/10 , [][]\T1/z
i4/m/n/10 lama_merge()[][][]\T1/ptm/m/n/10 , [][]\T1/zi4/m/n/10 lama_read()[][]
[]\T1/ptm/m/n/10 ,
(/usr/share/texlive/texmf-dist/tex/latex/base/utf8.def)
Overfull \hbox (22.9571pt too wide) in paragraph at lines 688--693
[][]\T1/ptm/m/n/10 La-bel-Dic-tionary[][][] class ob-ject and cre-ate a new [][
]La-bel-Dic-tionary[][][] class ob-ject. The func-tion [][]\T1/zi4/m/n/10 lama_
select()[][][]

Overfull \hbox (34.88098pt too wide) in paragraph at lines 722--724
[][][]\T1/zi4/m/n/10 lama_translate()[][][]\T1/ptm/m/n/10 , [][]\T1/zi4/m/n/10 
new_dictionary()[][][]\T1/ptm/m/n/10 , [][]\T1/zi4/m/n/10 lama_rename()[][][]\T
1/ptm/m/n/10 , [][]\T1/zi4/m/n/10 lama_mutate()[][][]\T1/ptm/m/n/10 , [][]\T1/z
i4/m/n/10 lama_merge()[][][]\T1/ptm/m/n/10 , [][]\T1/zi4/m/n/10 lama_read()[][]
[]\T1/ptm/m/n/10 ,
[13] (/usr/share/texlive/texmf-dist/tex/latex/base/utf8.def)
Overfull \hbox (55.25851pt too wide) in paragraph at lines 763--773
\T1/ptm/m/n/10 col-umn name the re-la-belled vari-able should be as-signed to. 
E.g. \T1/zi4/m/n/10 lama_trans(.data,dict,Y1
[14] (/usr/share/texlive/texmf-dist/tex/latex/base/utf8.def)
(/usr/share/texlive/texmf-dist/tex/latex/base/utf8.def) [15]
Overfull \hbox (6.21935pt too wide) in paragraph at lines 854--861
[]\T1/ptm/m/n/10 Here comes the great dif-fer-ence to [][]\T1/zi4/m/n/10 base::
lapply()[][][] \T1/ptm/m/n/10 and [][]\T1/zi4/m/n/10 base::sapply()[][][]\T1/pt
m/m/n/10 . When
[16] (/usr/share/texlive/texmf-dist/tex/latex/base/utf8.def)
Overfull \hbox (6.21935pt too wide) in paragraph at lines 929--936
[]\T1/ptm/m/n/10 Here comes the great dif-fer-ence to [][]\T1/zi4/m/n/10 base::
lapply()[][][] \T1/ptm/m/n/10 and [][]\T1/zi4/m/n/10 base::sapply()[][][]\T1/pt
m/m/n/10 . When
(/usr/share/texlive/texmf-dist/tex/latex/base/utf8.def) [17]
(/usr/share/texlive/texmf-dist/tex/latex/base/utf8.def)
(/usr/share/texlive/texmf-dist/tex/latex/base/utf8.def) [18]
(/usr/share/texlive/texmf-dist/tex/latex/base/utf8.def) [19]
Overfull \hbox (27.61795pt too wide) in paragraph at lines 1066--1073
[]\T1/ptm/m/it/10 The first ar-gu-ment is a list\T1/ptm/m/n/10 : In this case, 
only the first ar-gu-ment of \T1/zi4/m/n/10 new_dictionary

Overfull \hbox (3.02919pt too wide) in paragraph at lines 1066--1073
\T1/zi4/m/n/10 "rural"),= c(l = "Low",h = "High"))) \T1/ptm/m/n/10 gen-er-ates 
a La-bel-Dic-tionary class

Overfull \hbox (8.25084pt too wide) in paragraph at lines 1073--1081
\T1/zi4/m/n/10 = c("0" = "urban","1" = "rural"),density = c(l = "Low",h = "High
"))
[20]
Overfull \hbox (9.05821pt too wide) in paragraph at lines 1165--1168
[]\T1/ptm/m/n/10 All miss-ing val-ues should be la-belled (e.g. the trans-la-ti
on \T1/zi4/m/n/10 c("0" = "urban","1" = "rural",NA_
[21]
Overfull \hbox (29.88098pt too wide) in paragraph at lines 1195--1197
[][][]\T1/zi4/m/n/10 is.dictionary()[][][]\T1/ptm/m/n/10 , [][]\T1/zi4/m/n/10 l
ama_translate()[][][]\T1/ptm/m/n/10 , [][]\T1/zi4/m/n/10 lama_read()[][][]\T1/p
tm/m/n/10 , [][]\T1/zi4/m/n/10 lama_write()[][][]\T1/ptm/m/n/10 , [][]\T1/zi4/m
/n/10 lama_select()[][][]\T1/ptm/m/n/10 , [][]\T1/zi4/m/n/10 lama_rename()[][][
]\T1/ptm/m/n/10 ,
(/usr/share/texlive/texmf-dist/tex/latex/base/utf8.def)
Overfull \hbox (44.88098pt too wide) in paragraph at lines 1221--1224
[][][]\T1/zi4/m/n/10 lama_translate()[][][]\T1/ptm/m/n/10 , [][]\T1/zi4/m/n/10 
new_dictionary()[][][]\T1/ptm/m/n/10 , [][]\T1/zi4/m/n/10 lama_select()[][][]\T
1/ptm/m/n/10 , [][]\T1/zi4/m/n/10 lama_rename()[][][]\T1/ptm/m/n/10 , [][]\T1/z
i4/m/n/10 lama_mutate()[][][]\T1/ptm/m/n/10 , [][]\T1/zi4/m/n/10 lama_merge()[]
[][]\T1/ptm/m/n/10 ,
(/usr/share/texlive/texmf-dist/tex/latex/base/utf8.def) [22]
(/usr/share/texlive/texmf-dist/tex/latex/base/utf8.def)
(/usr/share/texlive/texmf-dist/tex/latex/base/utf8.def) [23]
(/usr/share/texlive/texmf-dist/tex/latex/base/utf8.def) [24]
(/usr/share/texlive/texmf-dist/tex/latex/base/utf8.def)
Overfull \hbox (3.78088pt too wide) in paragraph at lines 1369--1369
 []  \T1/zi4/m/n/10 err_handler = composerr("The object has not a valid LabelDi
ctionary structure"))[] 
[25]
Overfull \hbox (9.05821pt too wide) in paragraph at lines 1444--1447
[]\T1/ptm/m/n/10 All miss-ing val-ues should be la-belled (e.g. the trans-la-ti
on \T1/zi4/m/n/10 c("0" = "urban","1" = "rural",NA_
[26] (/usr/share/texlive/texmf-dist/tex/latex/base/utf8.def)
(/usr/share/texlive/texmf-dist/tex/latex/base/utf8.def) [27]
(/tmp/Rtmpjso6pM/Rd2pdf245f62391042/Rd2.ind [28]

LaTeX Font Warning: Font shape `T1/zi4/m/it' undefined
(Font)              using `T1/zi4/m/n' instead on input line 63.

[29]) (/tmp/Rtmpjso6pM/Rd2pdf245f62391042/Rd2.aux)

Package rerunfilecheck Warning: File `Rd2.out' has changed.
(rerunfilecheck)                Rerun to get outlines right
(rerunfilecheck)                or use package `bookmark'.


LaTeX Font Warning: Some font shapes were not available, defaults substituted.

 )
(see the transcript file for additional information)pdfTeX warning (dest): name
{Rfn.names} has been referenced but does not exist, replaced by a fixed one

pdfTeX warning (dest): name{Rfn.array} has been referenced but does not exist, 
replaced by a fixed one

pdfTeX warning (dest): name{Rfn.as.list} has been referenced but does not exist
, replaced by a fixed one

pdfTeX warning (dest): name{Rfn.expression} has been referenced but does not ex
ist, replaced by a fixed one

pdfTeX warning (dest): name{Rfn.base::sapply\(\)} has been referenced but does 
not exist, replaced by a fixed one

pdfTeX warning (dest): name{Rfn.base::lapply\(\)} has been referenced but does 
not exist, replaced by a fixed one

pdfTeX warning (dest): name{Rfn.dplyr::mutate\(\)} has been referenced but does
 not exist, replaced by a fixed one

{/usr/share/texlive/texmf-dist/fonts/enc/dvips/inconsolata/i4-ts1.enc}{/usr/sha
re/texlive/texmf-dist/fonts/enc/dvips/base/8r.enc}{/usr/share/texlive/texmf-dis
t/fonts/enc/dvips/inconsolata/i4-t1-0.enc}</usr/share/texlive/texmf-dist/fonts/
type1/public/inconsolata/Inconsolata-zi4r.pfb></usr/share/texlive/texmf-dist/fo
nts/type1/public/amsfonts/cm/cmr10.pfb></usr/share/texlive/texmf-dist/fonts/typ
e1/public/amsfonts/cm/cmsy10.pfb></usr/share/texlive/texmf-dist/fonts/type1/urw
/helvetic/uhvr8a.pfb></usr/share/texlive/texmf-dist/fonts/type1/urw/times/utmb8
a.pfb></usr/share/texlive/texmf-dist/fonts/type1/urw/times/utmr8a.pfb></usr/sha
re/texlive/texmf-dist/fonts/type1/urw/times/utmr8a.pfb></usr/share/texlive/texm
f-dist/fonts/type1/urw/times/utmri8a.pfb>
Output written on Rd2.pdf (29 pages, 166477 bytes).
Transcript written on Rd2.log.
This is makeindex, version 2.15 [TeX Live 2015] (kpathsea + Thai support).
Scanning input file Rd2.idx....done (201 entries accepted, 0 rejected).
Sorting entries.....done (1641 comparisons).
Generating output file Rd2.ind....done (154 lines written, 1 warning).
Output written in Rd2.ind.
Transcript written in Rd2.ilg.
This is pdfTeX, Version 3.14159265-2.6-1.40.16 (TeX Live 2015/Debian) (preloaded format=pdflatex)
 restricted \write18 enabled.
entering extended mode
LaTeX2e <2016/02/01>
Babel <3.9q> and hyphenation patterns for 81 language(s) loaded.
(./Rd2.tex
(/usr/share/texlive/texmf-dist/tex/latex/base/book.cls
Document Class: book 2014/09/29 v1.4h Standard LaTeX document class
(/usr/share/texlive/texmf-dist/tex/latex/base/bk10.clo))
(/opt/R/3.6.0/lib/R/share/texmf/tex/latex/Rd.sty
(/usr/share/texlive/texmf-dist/tex/latex/base/ifthen.sty)
(/usr/share/texlive/texmf-dist/tex/latex/tools/longtable.sty)
(/usr/share/texlive/texmf-dist/tex/latex/tools/bm.sty)
(/usr/share/texlive/texmf-dist/tex/latex/base/alltt.sty)
(/usr/share/texlive/texmf-dist/tex/latex/tools/verbatim.sty)
(/usr/share/texlive/texmf-dist/tex/latex/url/url.sty)
(/usr/share/texlive/texmf-dist/tex/latex/base/textcomp.sty
(/usr/share/texlive/texmf-dist/tex/latex/base/ts1enc.def))
(/usr/share/texlive/texmf-dist/tex/latex/base/fontenc.sty
(/usr/share/texlive/texmf-dist/tex/latex/base/t1enc.def))
(/usr/share/texlive/texmf-dist/tex/latex/psnfss/times.sty)
(/usr/share/texlive/texmf-dist/tex/latex/inconsolata/zi4.sty
`inconsolata-zi4' v1.10, 2016/02/22 Text macros for Inconsolata (msharpe)
(/usr/share/texlive/texmf-dist/tex/latex/graphics/keyval.sty))
(/usr/share/texlive/texmf-dist/tex/latex/graphics/color.sty
(/usr/share/texlive/texmf-dist/tex/latex/latexconfig/color.cfg)
(/usr/share/texlive/texmf-dist/tex/latex/pdftex-def/pdftex.def
(/usr/share/texlive/texmf-dist/tex/generic/oberdiek/infwarerr.sty)
(/usr/share/texlive/texmf-dist/tex/generic/oberdiek/ltxcmds.sty)))
(/usr/share/texlive/texmf-dist/tex/latex/hyperref/hyperref.sty
(/usr/share/texlive/texmf-dist/tex/generic/oberdiek/hobsub-hyperref.sty
(/usr/share/texlive/texmf-dist/tex/generic/oberdiek/hobsub-generic.sty))
(/usr/share/texlive/texmf-dist/tex/generic/ifxetex/ifxetex.sty)
(/usr/share/texlive/texmf-dist/tex/latex/oberdiek/auxhook.sty)
(/usr/share/texlive/texmf-dist/tex/latex/oberdiek/kvoptions.sty)
(/usr/share/texlive/texmf-dist/tex/latex/hyperref/pd1enc.def)
(/usr/share/texlive/texmf-dist/tex/latex/latexconfig/hyperref.cfg))

Package hyperref Message: Driver (autodetected): hpdftex.

(/usr/share/texlive/texmf-dist/tex/latex/hyperref/hpdftex.def
(/usr/share/texlive/texmf-dist/tex/latex/oberdiek/rerunfilecheck.sty))

Package hyperref Warning: Option `hyperindex' has already been used,
(hyperref)                setting the option has no effect on input line 377.


Package hyperref Warning: Option `pagebackref' has already been used,
(hyperref)                setting the option has no effect on input line 377.

) (/usr/share/texlive/texmf-dist/tex/latex/base/makeidx.sty)
(/usr/share/texlive/texmf-dist/tex/latex/base/inputenc.sty
(/usr/share/texlive/texmf-dist/tex/latex/base/utf8.def
(/usr/share/texlive/texmf-dist/tex/latex/base/t1enc.dfu)
(/usr/share/texlive/texmf-dist/tex/latex/base/ot1enc.dfu)
(/usr/share/texlive/texmf-dist/tex/latex/base/omsenc.dfu)
(/usr/share/texlive/texmf-dist/tex/latex/base/ts1enc.dfu)))
Writing index file Rd2.idx
(/tmp/Rtmpjso6pM/Rd2pdf245f62391042/Rd2.aux)
(/usr/share/texlive/texmf-dist/tex/latex/base/ts1cmr.fd)
(/usr/share/texlive/texmf-dist/tex/latex/psnfss/t1ptm.fd)
(/usr/share/texlive/texmf-dist/tex/context/base/supp-pdf.mkii
[Loading MPS to PDF converter (version 2006.09.02).]
) (/usr/share/texlive/texmf-dist/tex/latex/hyperref/nameref.sty
(/usr/share/texlive/texmf-dist/tex/generic/oberdiek/gettitlestring.sty))
(/tmp/Rtmpjso6pM/Rd2pdf245f62391042/Rd2.out)
(/tmp/Rtmpjso6pM/Rd2pdf245f62391042/Rd2.out)
(/usr/share/texlive/texmf-dist/tex/latex/base/utf8.def)
(/usr/share/texlive/texmf-dist/tex/latex/psnfss/ts1ptm.fd)
(/usr/share/texlive/texmf-dist/tex/latex/inconsolata/t1zi4.fd)
(/usr/share/texlive/texmf-dist/tex/latex/psnfss/t1phv.fd)
(/tmp/Rtmpjso6pM/Rd2pdf245f62391042/Rd2.toc [1{/var/lib/texmf/fonts/map/pdftex/
updmap/pdftex.map}]) (/usr/share/texlive/texmf-dist/tex/latex/base/utf8.def)
(/usr/share/texlive/texmf-dist/tex/latex/inconsolata/ts1zi4.fd) [2] [3]
[4]
Overfull \hbox (9.05821pt too wide) in paragraph at lines 211--214
[]\T1/ptm/m/n/10 All miss-ing val-ues should be la-belled (e.g. the trans-la-ti
on \T1/zi4/m/n/10 c("0" = "urban","1" = "rural",NA_
(/usr/share/texlive/texmf-dist/tex/latex/base/utf8.def)
(/usr/share/texlive/texmf-dist/tex/latex/base/utf8.def) [5]
(/usr/share/texlive/texmf-dist/tex/latex/base/utf8.def)
Underfull \hbox (badness 1028) in paragraph at lines 291--291
[]\T1/ptm/m/it/10 Function that ap-plies some gen-eral checks to the ar-gu-ment
s of

Overfull \hbox (33.46844pt too wide) in paragraph at lines 294--295
[]\T1/ptm/m/n/10 Function that ap-plies some gen-eral checks to the ar-gu-ments
 of [][]\T1/zi4/m/n/10 lama_translate()[][][] \T1/ptm/m/n/10 and [][]\T1/zi4/m/
n/10 lama_translate_()[][][] 
[6] (/usr/share/texlive/texmf-dist/tex/latex/base/utf8.def)
(/usr/share/texlive/texmf-dist/tex/latex/base/utf8.def) [7]
(/usr/share/texlive/texmf-dist/tex/latex/base/utf8.def)
(/usr/share/texlive/texmf-dist/tex/latex/base/utf8.def)
Overfull \hbox (20.36096pt too wide) in paragraph at lines 422--425
[][][]\T1/zi4/m/n/10 validate_dictionary()[][][]\T1/ptm/m/n/10 , [][]\T1/zi4/m/
n/10 as.dictionary()[][][]\T1/ptm/m/n/10 , [][]\T1/zi4/m/n/10 new_dictionary()[
][][]\T1/ptm/m/n/10 , [][]\T1/zi4/m/n/10 lama_translate()[][][]\T1/ptm/m/n/10 ,
 [][]\T1/zi4/m/n/10 lama_read()[][][]\T1/ptm/m/n/10 ,
(/usr/share/texlive/texmf-dist/tex/latex/base/utf8.def) [8]
(/usr/share/texlive/texmf-dist/tex/latex/base/utf8.def)
(/usr/share/texlive/texmf-dist/tex/latex/base/utf8.def) [9]
(/usr/share/texlive/texmf-dist/tex/latex/base/utf8.def)
Overfull \hbox (39.88098pt too wide) in paragraph at lines 545--547
[][][]\T1/zi4/m/n/10 lama_translate()[][][]\T1/ptm/m/n/10 , [][]\T1/zi4/m/n/10 
new_dictionary()[][][]\T1/ptm/m/n/10 , [][]\T1/zi4/m/n/10 lama_rename()[][][]\T
1/ptm/m/n/10 , [][]\T1/zi4/m/n/10 lama_select()[][][]\T1/ptm/m/n/10 , [][]\T1/z
i4/m/n/10 lama_mutate()[][][]\T1/ptm/m/n/10 , [][]\T1/zi4/m/n/10 lama_read()[][
][]\T1/ptm/m/n/10 ,
[10] (/usr/share/texlive/texmf-dist/tex/latex/base/utf8.def)
Overfull \hbox (67.90073pt too wide) in paragraph at lines 583--592
\T1/zi4/m/n/10 new_translation = c(v = "V",w = "W",old_translation,z = "Z")\T1/
ptm/m/n/10 , where \T1/zi4/m/n/10 old_translation
[11]
Overfull \hbox (34.88098pt too wide) in paragraph at lines 610--612
[][][]\T1/zi4/m/n/10 lama_translate()[][][]\T1/ptm/m/n/10 , [][]\T1/zi4/m/n/10 
new_dictionary()[][][]\T1/ptm/m/n/10 , [][]\T1/zi4/m/n/10 lama_rename()[][][]\T
1/ptm/m/n/10 , [][]\T1/zi4/m/n/10 lama_select()[][][]\T1/ptm/m/n/10 , [][]\T1/z
i4/m/n/10 lama_merge()[][][]\T1/ptm/m/n/10 , [][]\T1/zi4/m/n/10 lama_read()[][]
[]\T1/ptm/m/n/10 ,
(/usr/share/texlive/texmf-dist/tex/latex/base/utf8.def)
(/usr/share/texlive/texmf-dist/tex/latex/base/utf8.def) [12]
Overfull \hbox (34.88098pt too wide) in paragraph at lines 679--681
[][][]\T1/zi4/m/n/10 lama_translate()[][][]\T1/ptm/m/n/10 , [][]\T1/zi4/m/n/10 
new_dictionary()[][][]\T1/ptm/m/n/10 , [][]\T1/zi4/m/n/10 lama_select()[][][]\T
1/ptm/m/n/10 , [][]\T1/zi4/m/n/10 lama_mutate()[][][]\T1/ptm/m/n/10 , [][]\T1/z
i4/m/n/10 lama_merge()[][][]\T1/ptm/m/n/10 , [][]\T1/zi4/m/n/10 lama_read()[][]
[]\T1/ptm/m/n/10 ,
(/usr/share/texlive/texmf-dist/tex/latex/base/utf8.def)
Overfull \hbox (22.9571pt too wide) in paragraph at lines 688--693
[][]\T1/ptm/m/n/10 La-bel-Dic-tionary[][][] class ob-ject and cre-ate a new [][
]La-bel-Dic-tionary[][][] class ob-ject. The func-tion [][]\T1/zi4/m/n/10 lama_
select()[][][]

Overfull \hbox (34.88098pt too wide) in paragraph at lines 722--724
[][][]\T1/zi4/m/n/10 lama_translate()[][][]\T1/ptm/m/n/10 , [][]\T1/zi4/m/n/10 
new_dictionary()[][][]\T1/ptm/m/n/10 , [][]\T1/zi4/m/n/10 lama_rename()[][][]\T
1/ptm/m/n/10 , [][]\T1/zi4/m/n/10 lama_mutate()[][][]\T1/ptm/m/n/10 , [][]\T1/z
i4/m/n/10 lama_merge()[][][]\T1/ptm/m/n/10 , [][]\T1/zi4/m/n/10 lama_read()[][]
[]\T1/ptm/m/n/10 ,
[13] (/usr/share/texlive/texmf-dist/tex/latex/base/utf8.def)
Overfull \hbox (55.25851pt too wide) in paragraph at lines 763--773
\T1/ptm/m/n/10 col-umn name the re-la-belled vari-able should be as-signed to. 
E.g. \T1/zi4/m/n/10 lama_trans(.data,dict,Y1
[14] (/usr/share/texlive/texmf-dist/tex/latex/base/utf8.def)
(/usr/share/texlive/texmf-dist/tex/latex/base/utf8.def) [15]
Overfull \hbox (6.21935pt too wide) in paragraph at lines 854--861
[]\T1/ptm/m/n/10 Here comes the great dif-fer-ence to [][]\T1/zi4/m/n/10 base::
lapply()[][][] \T1/ptm/m/n/10 and [][]\T1/zi4/m/n/10 base::sapply()[][][]\T1/pt
m/m/n/10 . When
[16] (/usr/share/texlive/texmf-dist/tex/latex/base/utf8.def)
Overfull \hbox (6.21935pt too wide) in paragraph at lines 929--936
[]\T1/ptm/m/n/10 Here comes the great dif-fer-ence to [][]\T1/zi4/m/n/10 base::
lapply()[][][] \T1/ptm/m/n/10 and [][]\T1/zi4/m/n/10 base::sapply()[][][]\T1/pt
m/m/n/10 . When
(/usr/share/texlive/texmf-dist/tex/latex/base/utf8.def) [17]
(/usr/share/texlive/texmf-dist/tex/latex/base/utf8.def)
(/usr/share/texlive/texmf-dist/tex/latex/base/utf8.def) [18]
(/usr/share/texlive/texmf-dist/tex/latex/base/utf8.def) [19]
Overfull \hbox (27.61795pt too wide) in paragraph at lines 1066--1073
[]\T1/ptm/m/it/10 The first ar-gu-ment is a list\T1/ptm/m/n/10 : In this case, 
only the first ar-gu-ment of \T1/zi4/m/n/10 new_dictionary

Overfull \hbox (3.02919pt too wide) in paragraph at lines 1066--1073
\T1/zi4/m/n/10 "rural"),= c(l = "Low",h = "High"))) \T1/ptm/m/n/10 gen-er-ates 
a La-bel-Dic-tionary class

Overfull \hbox (8.25084pt too wide) in paragraph at lines 1073--1081
\T1/zi4/m/n/10 = c("0" = "urban","1" = "rural"),density = c(l = "Low",h = "High
"))
[20]
Overfull \hbox (9.05821pt too wide) in paragraph at lines 1165--1168
[]\T1/ptm/m/n/10 All miss-ing val-ues should be la-belled (e.g. the trans-la-ti
on \T1/zi4/m/n/10 c("0" = "urban","1" = "rural",NA_
[21]
Overfull \hbox (29.88098pt too wide) in paragraph at lines 1195--1197
[][][]\T1/zi4/m/n/10 is.dictionary()[][][]\T1/ptm/m/n/10 , [][]\T1/zi4/m/n/10 l
ama_translate()[][][]\T1/ptm/m/n/10 , [][]\T1/zi4/m/n/10 lama_read()[][][]\T1/p
tm/m/n/10 , [][]\T1/zi4/m/n/10 lama_write()[][][]\T1/ptm/m/n/10 , [][]\T1/zi4/m
/n/10 lama_select()[][][]\T1/ptm/m/n/10 , [][]\T1/zi4/m/n/10 lama_rename()[][][
]\T1/ptm/m/n/10 ,
(/usr/share/texlive/texmf-dist/tex/latex/base/utf8.def)
Overfull \hbox (44.88098pt too wide) in paragraph at lines 1221--1224
[][][]\T1/zi4/m/n/10 lama_translate()[][][]\T1/ptm/m/n/10 , [][]\T1/zi4/m/n/10 
new_dictionary()[][][]\T1/ptm/m/n/10 , [][]\T1/zi4/m/n/10 lama_select()[][][]\T
1/ptm/m/n/10 , [][]\T1/zi4/m/n/10 lama_rename()[][][]\T1/ptm/m/n/10 , [][]\T1/z
i4/m/n/10 lama_mutate()[][][]\T1/ptm/m/n/10 , [][]\T1/zi4/m/n/10 lama_merge()[]
[][]\T1/ptm/m/n/10 ,
(/usr/share/texlive/texmf-dist/tex/latex/base/utf8.def) [22]
(/usr/share/texlive/texmf-dist/tex/latex/base/utf8.def)
(/usr/share/texlive/texmf-dist/tex/latex/base/utf8.def) [23]
(/usr/share/texlive/texmf-dist/tex/latex/base/utf8.def) [24]
(/usr/share/texlive/texmf-dist/tex/latex/base/utf8.def)
Overfull \hbox (3.78088pt too wide) in paragraph at lines 1369--1369
 []  \T1/zi4/m/n/10 err_handler = composerr("The object has not a valid LabelDi
ctionary structure"))[] 
[25]
Overfull \hbox (9.05821pt too wide) in paragraph at lines 1444--1447
[]\T1/ptm/m/n/10 All miss-ing val-ues should be la-belled (e.g. the trans-la-ti
on \T1/zi4/m/n/10 c("0" = "urban","1" = "rural",NA_
[26] (/usr/share/texlive/texmf-dist/tex/latex/base/utf8.def)
(/usr/share/texlive/texmf-dist/tex/latex/base/utf8.def) [27]
(/tmp/Rtmpjso6pM/Rd2pdf245f62391042/Rd2.ind [28]

LaTeX Font Warning: Font shape `T1/zi4/m/it' undefined
(Font)              using `T1/zi4/m/n' instead on input line 63.

[29]) (/tmp/Rtmpjso6pM/Rd2pdf245f62391042/Rd2.aux)

LaTeX Font Warning: Some font shapes were not available, defaults substituted.

 )
(see the transcript file for additional information)pdfTeX warning (dest): name
{Rfn.names} has been referenced but does not exist, replaced by a fixed one

pdfTeX warning (dest): name{Rfn.array} has been referenced but does not exist, 
replaced by a fixed one

pdfTeX warning (dest): name{Rfn.as.list} has been referenced but does not exist
, replaced by a fixed one

pdfTeX warning (dest): name{Rfn.expression} has been referenced but does not ex
ist, replaced by a fixed one

pdfTeX warning (dest): name{Rfn.base::sapply\(\)} has been referenced but does 
not exist, replaced by a fixed one

pdfTeX warning (dest): name{Rfn.base::lapply\(\)} has been referenced but does 
not exist, replaced by a fixed one

pdfTeX warning (dest): name{Rfn.dplyr::mutate\(\)} has been referenced but does
 not exist, replaced by a fixed one

{/usr/share/texlive/texmf-dist/fonts/enc/dvips/inconsolata/i4-ts1.enc}{/usr/sha
re/texlive/texmf-dist/fonts/enc/dvips/base/8r.enc}{/usr/share/texlive/texmf-dis
t/fonts/enc/dvips/inconsolata/i4-t1-0.enc}</usr/share/texlive/texmf-dist/fonts/
type1/public/inconsolata/Inconsolata-zi4r.pfb></usr/share/texlive/texmf-dist/fo
nts/type1/public/amsfonts/cm/cmr10.pfb></usr/share/texlive/texmf-dist/fonts/typ
e1/public/amsfonts/cm/cmsy10.pfb></usr/share/texlive/texmf-dist/fonts/type1/urw
/helvetic/uhvr8a.pfb></usr/share/texlive/texmf-dist/fonts/type1/urw/times/utmb8
a.pfb></usr/share/texlive/texmf-dist/fonts/type1/urw/times/utmr8a.pfb></usr/sha
re/texlive/texmf-dist/fonts/type1/urw/times/utmr8a.pfb></usr/share/texlive/texm
f-dist/fonts/type1/urw/times/utmri8a.pfb>
Output written on Rd2.pdf (29 pages, 166860 bytes).
Transcript written on Rd2.log.
Saving output to labelmachine-manual.pdf ...
Done
You may want to clean up by 'rm -Rf /tmp/Rtmpjso6pM/Rd2pdf245f62391042'
